This is pdfTeX, Version 3.141592653-2.6-1.40.26 (TeX Live 2024) (preloaded format=pdflatex 2024.7.10)  11 DEC 2025 09:48
entering extended mode
 \write18 enabled.
 file:line:error style messages enabled.
 %&-line parsing enabled.
**/Users/acornacchia/Projects/wedding/matrimonio_bilingual.tex
(/Users/acornacchia/Projects/wedding/matrimonio_bilingual.tex
LaTeX2e <2023-11-01> patch level 1
L3 programming layer <2024-02-20>
(/usr/local/texlive/2024/texmf-dist/tex/latex/extsizes/extarticle.cls
Document Class: extarticle 1996/10/08 v1.0 Non Standard LaTeX document class
(/usr/local/texlive/2024/texmf-dist/tex/latex/extsizes/size14.clo
File: size14.clo 1999/11/11 v1.4a NON-Standard LaTeX file (size option)
) (/usr/local/texlive/2024/texmf-dist/tex/latex/base/exscale.sty
Package: exscale 2018/09/24 v2.1i Standard LaTeX package exscale
LaTeX Font Info:    Redeclaring symbol font `largesymbols' on input line 57.
LaTeX Font Info:    Overwriting symbol font `largesymbols' in version `normal'
(Font)                  OMX/cmex/m/n --> OMX/cmex/m/n on input line 57.
LaTeX Font Info:    Overwriting symbol font `largesymbols' in version `bold'
(Font)                  OMX/cmex/m/n --> OMX/cmex/m/n on input line 57.
\big@size=\dimen140
)
\c@part=\count188
\c@section=\count189
\c@subsection=\count190
\c@subsubsection=\count191
\c@paragraph=\count192
\c@subparagraph=\count193
\c@figure=\count194
\c@table=\count195
\abovecaptionskip=\skip48
\belowcaptionskip=\skip49
\bibindent=\dimen141
) (/usr/local/texlive/2024/texmf-dist/tex/latex/geometry/geometry.sty
Package: geometry 2020/01/02 v5.9 Page Geometry
 (/usr/local/texlive/2024/texmf-dist/tex/latex/graphics/keyval.sty
Package: keyval 2022/05/29 v1.15 key=value parser (DPC)
\KV@toks@=\toks17
) (/usr/local/texlive/2024/texmf-dist/tex/generic/iftex/ifvtex.sty
Package: ifvtex 2019/10/25 v1.7 ifvtex legacy package. Use iftex instead.
 (/usr/local/texlive/2024/texmf-dist/tex/generic/iftex/iftex.sty
Package: iftex 2022/02/03 v1.0f TeX engine tests
))
\Gm@cnth=\count196
\Gm@cntv=\count197
\c@Gm@tempcnt=\count198
\Gm@bindingoffset=\dimen142
\Gm@wd@mp=\dimen143
\Gm@odd@mp=\dimen144
\Gm@even@mp=\dimen145
\Gm@layoutwidth=\dimen146
\Gm@layoutheight=\dimen147
\Gm@layouthoffset=\dimen148
\Gm@layoutvoffset=\dimen149
\Gm@dimlist=\toks18
) (/usr/local/texlive/2024/texmf-dist/tex/latex/base/inputenc.sty
Package: inputenc 2021/02/14 v1.3d Input encoding file
\inpenc@prehook=\toks19
\inpenc@posthook=\toks20
) (/usr/local/texlive/2024/texmf-dist/tex/latex/base/fontenc.sty
Package: fontenc 2021/04/29 v2.0v Standard LaTeX package
) (/usr/local/texlive/2024/texmf-dist/tex/generic/babel/babel.sty
Package: babel 2024/02/07 v24.2 The Babel package
\babel@savecnt=\count199
\U@D=\dimen150
\l@unhyphenated=\language89
 (/usr/local/texlive/2024/texmf-dist/tex/generic/babel/txtbabel.def)
\bbl@readstream=\read2
\bbl@dirlevel=\count266
 (/usr/local/texlive/2024/texmf-dist/tex/generic/babel-italian/italian.ldf
Language: italian 2024/01/03 v.1.5.00 Italian support for the babel system
\it@lettering=\count267
\it@doublequoteactive=\count268
\it@ISOcompliance=\count269
) (/usr/local/texlive/2024/texmf-dist/tex/generic/babel-slovak/slovak.ldf
Language: slovak 2008/07/06 v3.1a Slovak support from the babel system
Package babel Info: Making ^ an active character on input line 123.
Package babel Info: Making " an active character on input line 126.
Package babel Info: Making ' an active character on input line 129.
\cs@wordlen=\count270
Package babel Info: Making - an active character on input line 294.
)) (/usr/local/texlive/2024/texmf-dist/tex/generic/babel/locale/sk/babel-slovak.tex
Package babel Info: Importing font and identification data for slovak
(babel)             from babel-sk.ini. Reported on input line 11.
) (/usr/local/texlive/2024/texmf-dist/tex/generic/babel/locale/it/babel-italian.tex
Package babel Info: Importing font and identification data for italian
(babel)             from babel-it.ini. Reported on input line 11.
) (/usr/local/texlive/2024/texmf-dist/tex/latex/etoolbox/etoolbox.sty
Package: etoolbox 2020/10/05 v2.5k e-TeX tools for LaTeX (JAW)
\etb@tempcnta=\count271
) (/usr/local/texlive/2024/texmf-dist/tex/latex/graphics/graphicx.sty
Package: graphicx 2021/09/16 v1.2d Enhanced LaTeX Graphics (DPC,SPQR)
 (/usr/local/texlive/2024/texmf-dist/tex/latex/graphics/graphics.sty
Package: graphics 2022/03/10 v1.4e Standard LaTeX Graphics (DPC,SPQR)
 (/usr/local/texlive/2024/texmf-dist/tex/latex/graphics/trig.sty
Package: trig 2021/08/11 v1.11 sin cos tan (DPC)
) (/usr/local/texlive/2024/texmf-dist/tex/latex/graphics-cfg/graphics.cfg
File: graphics.cfg 2016/06/04 v1.11 sample graphics configuration
)
Package graphics Info: Driver file: pdftex.def on input line 107.
 (/usr/local/texlive/2024/texmf-dist/tex/latex/graphics-def/pdftex.def
File: pdftex.def 2022/09/22 v1.2b Graphics/color driver for pdftex
))
\Gin@req@height=\dimen151
\Gin@req@width=\dimen152
) (/usr/local/texlive/2024/texmf-dist/tex/latex/placeins/placeins.sty
Package: placeins 2005/04/18  v 2.2
) (/usr/local/texlive/2024/texmf-dist/tex/latex/needspace/needspace.sty
Package: needspace 2010/09/12 v1.3d reserve vertical space
) (/usr/local/texlive/2024/texmf-dist/tex/latex/paracol/paracol.sty
Package: paracol 2018/12/31 v1.35 
\pcol@currcol=\count272
\pcol@nextcol=\count273
\pcol@ncol=\count274
\pcol@ncolleft=\count275
\pcol@page=\count276
\pcol@basepage=\count277
\pcol@toppage=\count278
\pcol@footnotebase=\count279
\pcol@nfootnotes=\count280
\pcol@mcid=\count281
\pcol@prevdepth=\dimen153
\pcol@colht=\dimen154
\pcol@textfloatsep=\dimen155
\pcol@lrmargin=\dimen156
\pagerim=\dimen157
\pcol@topskip=\skip50
\belowfootnoteskip=\skip51
\pcol@topfnotes=\box51
\pcol@prespan=\box52
\pcol@rightpage=\box53
\pcol@colorstack@saved=\box54
\pcol@tempboxa=\box55
\pcol@tempboxb=\box56
\pcol@colorins=\insert252
\pcol@everyvbox=\toks21
) (/usr/local/texlive/2024/texmf-dist/tex/latex/titlesec/titlesec.sty
Package: titlesec 2023/10/27 v2.16 Sectioning titles
\ttl@box=\box57
\beforetitleunit=\skip52
\aftertitleunit=\skip53
\ttl@plus=\dimen158
\ttl@minus=\dimen159
\ttl@toksa=\toks22
\titlewidth=\dimen160
\titlewidthlast=\dimen161
\titlewidthfirst=\dimen162
) (/usr/local/texlive/2024/texmf-dist/tex/latex/enumitem/enumitem.sty
Package: enumitem 2019/06/20 v3.9 Customized lists
\labelindent=\skip54
\enit@outerparindent=\dimen163
\enit@toks=\toks23
\enit@inbox=\box58
\enit@count@id=\count282
\enitdp@description=\count283
) (/usr/local/texlive/2024/texmf-dist/tex/latex/xcolor/xcolor.sty
Package: xcolor 2023/11/15 v3.01 LaTeX color extensions (UK)
 (/usr/local/texlive/2024/texmf-dist/tex/latex/graphics-cfg/color.cfg
File: color.cfg 2016/01/02 v1.6 sample color configuration
)
Package xcolor Info: Driver file: pdftex.def on input line 274.
 (/usr/local/texlive/2024/texmf-dist/tex/latex/graphics/mathcolor.ltx)
Package xcolor Info: Model `cmy' substituted by `cmy0' on input line 1350.
Package xcolor Info: Model `hsb' substituted by `rgb' on input line 1354.
Package xcolor Info: Model `RGB' extended on input line 1366.
Package xcolor Info: Model `HTML' substituted by `rgb' on input line 1368.
Package xcolor Info: Model `Hsb' substituted by `hsb' on input line 1369.
Package xcolor Info: Model `tHsb' substituted by `hsb' on input line 1370.
Package xcolor Info: Model `HSB' substituted by `hsb' on input line 1371.
Package xcolor Info: Model `Gray' substituted by `gray' on input line 1372.
Package xcolor Info: Model `wave' substituted by `hsb' on input line 1373.
) (/usr/local/texlive/2024/texmf-dist/tex/latex/hyperref/hyperref.sty
Package: hyperref 2024-01-20 v7.01h Hypertext links for LaTeX
 (/usr/local/texlive/2024/texmf-dist/tex/latex/kvsetkeys/kvsetkeys.sty
Package: kvsetkeys 2022-10-05 v1.19 Key value parser (HO)
) (/usr/local/texlive/2024/texmf-dist/tex/generic/kvdefinekeys/kvdefinekeys.sty
Package: kvdefinekeys 2019-12-19 v1.6 Define keys (HO)
) (/usr/local/texlive/2024/texmf-dist/tex/generic/pdfescape/pdfescape.sty
Package: pdfescape 2019/12/09 v1.15 Implements pdfTeX's escape features (HO)
 (/usr/local/texlive/2024/texmf-dist/tex/generic/ltxcmds/ltxcmds.sty
Package: ltxcmds 2023-12-04 v1.26 LaTeX kernel commands for general use (HO)
) (/usr/local/texlive/2024/texmf-dist/tex/generic/pdftexcmds/pdftexcmds.sty
Package: pdftexcmds 2020-06-27 v0.33 Utility functions of pdfTeX for LuaTeX (HO)
 (/usr/local/texlive/2024/texmf-dist/tex/generic/infwarerr/infwarerr.sty
Package: infwarerr 2019/12/03 v1.5 Providing info/warning/error messages (HO)
)
Package pdftexcmds Info: \pdf@primitive is available.
Package pdftexcmds Info: \pdf@ifprimitive is available.
Package pdftexcmds Info: \pdfdraftmode found.
)) (/usr/local/texlive/2024/texmf-dist/tex/latex/hycolor/hycolor.sty
Package: hycolor 2020-01-27 v1.10 Color options for hyperref/bookmark (HO)
) (/usr/local/texlive/2024/texmf-dist/tex/latex/auxhook/auxhook.sty
Package: auxhook 2019-12-17 v1.6 Hooks for auxiliary files (HO)
) (/usr/local/texlive/2024/texmf-dist/tex/latex/hyperref/nameref.sty
Package: nameref 2023-11-26 v2.56 Cross-referencing by name of section
 (/usr/local/texlive/2024/texmf-dist/tex/latex/refcount/refcount.sty
Package: refcount 2019/12/15 v3.6 Data extraction from label references (HO)
) (/usr/local/texlive/2024/texmf-dist/tex/generic/gettitlestring/gettitlestring.sty
Package: gettitlestring 2019/12/15 v1.6 Cleanup title references (HO)
 (/usr/local/texlive/2024/texmf-dist/tex/latex/kvoptions/kvoptions.sty
Package: kvoptions 2022-06-15 v3.15 Key value format for package options (HO)
))
\c@section@level=\count284
)
\@linkdim=\dimen164
\Hy@linkcounter=\count285
\Hy@pagecounter=\count286
 (/usr/local/texlive/2024/texmf-dist/tex/latex/hyperref/pd1enc.def
File: pd1enc.def 2024-01-20 v7.01h Hyperref: PDFDocEncoding definition (HO)
Now handling font encoding PD1 ...
... no UTF-8 mapping file for font encoding PD1
) (/usr/local/texlive/2024/texmf-dist/tex/generic/intcalc/intcalc.sty
Package: intcalc 2019/12/15 v1.3 Expandable calculations with integers (HO)
)
\Hy@SavedSpaceFactor=\count287
 (/usr/local/texlive/2024/texmf-dist/tex/latex/hyperref/puenc.def
File: puenc.def 2024-01-20 v7.01h Hyperref: PDF Unicode definition (HO)
Now handling font encoding PU ...
... no UTF-8 mapping file for font encoding PU
)
Package hyperref Info: Hyper figures OFF on input line 4179.
Package hyperref Info: Link nesting OFF on input line 4184.
Package hyperref Info: Hyper index ON on input line 4187.
Package hyperref Info: Plain pages OFF on input line 4194.
Package hyperref Info: Backreferencing OFF on input line 4199.
Package hyperref Info: Implicit mode ON; LaTeX internals redefined.
Package hyperref Info: Bookmarks ON on input line 4446.
\c@Hy@tempcnt=\count288
 (/usr/local/texlive/2024/texmf-dist/tex/latex/url/url.sty
\Urlmuskip=\muskip16
Package: url 2013/09/16  ver 3.4  Verb mode for urls, etc.
)
LaTeX Info: Redefining \url on input line 4784.
\XeTeXLinkMargin=\dimen165
 (/usr/local/texlive/2024/texmf-dist/tex/generic/bitset/bitset.sty
Package: bitset 2019/12/09 v1.3 Handle bit-vector datatype (HO)
 (/usr/local/texlive/2024/texmf-dist/tex/generic/bigintcalc/bigintcalc.sty
Package: bigintcalc 2019/12/15 v1.5 Expandable calculations on big integers (HO)
))
\Fld@menulength=\count289
\Field@Width=\dimen166
\Fld@charsize=\dimen167
Package hyperref Info: Hyper figures OFF on input line 6063.
Package hyperref Info: Link nesting OFF on input line 6068.
Package hyperref Info: Hyper index ON on input line 6071.
Package hyperref Info: backreferencing OFF on input line 6078.
Package hyperref Info: Link coloring OFF on input line 6083.
Package hyperref Info: Link coloring with OCG OFF on input line 6088.
Package hyperref Info: PDF/A mode OFF on input line 6093.
 (/usr/local/texlive/2024/texmf-dist/tex/latex/base/atbegshi-ltx.sty
Package: atbegshi-ltx 2021/01/10 v1.0c Emulation of the original atbegshi
package with kernel methods
)
\Hy@abspage=\count290
\c@Item=\count291
\c@Hfootnote=\count292
)
Package hyperref Info: Driver (autodetected): hpdftex.
 (/usr/local/texlive/2024/texmf-dist/tex/latex/hyperref/hpdftex.def
File: hpdftex.def 2024-01-20 v7.01h Hyperref driver for pdfTeX
 (/usr/local/texlive/2024/texmf-dist/tex/latex/base/atveryend-ltx.sty
Package: atveryend-ltx 2020/08/19 v1.0a Emulation of the original atveryend package
with kernel methods
)
\Fld@listcount=\count293
\c@bookmark@seq@number=\count294
 (/usr/local/texlive/2024/texmf-dist/tex/latex/rerunfilecheck/rerunfilecheck.sty
Package: rerunfilecheck 2022-07-10 v1.10 Rerun checks for auxiliary files (HO)
 (/usr/local/texlive/2024/texmf-dist/tex/generic/uniquecounter/uniquecounter.sty
Package: uniquecounter 2019/12/15 v1.4 Provide unlimited unique counter (HO)
)
Package uniquecounter Info: New unique counter `rerunfilecheck' on input line 285.
)
\Hy@SectionHShift=\skip55
) (/usr/local/texlive/2024/texmf-dist/tex/latex/fancyhdr/fancyhdr.sty
Package: fancyhdr 2022/11/09 v4.1 Extensive control of page headers and footers
\f@nch@headwidth=\skip56
\f@nch@O@elh=\skip57
\f@nch@O@erh=\skip58
\f@nch@O@olh=\skip59
\f@nch@O@orh=\skip60
\f@nch@O@elf=\skip61
\f@nch@O@erf=\skip62
\f@nch@O@olf=\skip63
\f@nch@O@orf=\skip64
) (/usr/local/texlive/2024/texmf-dist/tex/latex/microtype/microtype.sty
Package: microtype 2023/03/13 v3.1a Micro-typographical refinements (RS)
\MT@toks=\toks24
\MT@tempbox=\box59
\MT@count=\count295
LaTeX Info: Redefining \noprotrusionifhmode on input line 1059.
LaTeX Info: Redefining \leftprotrusion on input line 1060.
\MT@prot@toks=\toks25
LaTeX Info: Redefining \rightprotrusion on input line 1078.
LaTeX Info: Redefining \textls on input line 1368.
\MT@outer@kern=\dimen168
LaTeX Info: Redefining \textmicrotypecontext on input line 1988.
\MT@listname@count=\count296
 (/usr/local/texlive/2024/texmf-dist/tex/latex/microtype/microtype-pdftex.def
File: microtype-pdftex.def 2023/03/13 v3.1a Definitions specific to pdftex (RS)
LaTeX Info: Redefining \lsstyle on input line 902.
LaTeX Info: Redefining \lslig on input line 902.
\MT@outer@space=\skip65
)
Package microtype Info: Loading configuration file microtype.cfg.
 (/usr/local/texlive/2024/texmf-dist/tex/latex/microtype/microtype.cfg
File: microtype.cfg 2023/03/13 v3.1a microtype main configuration file (RS)
)) (/usr/local/texlive/2024/texmf-dist/tex/latex/psnfss/pifont.sty
Package: pifont 2020/03/25 PSNFSS-v9.3 Pi font support (SPQR) 
LaTeX Font Info:    Trying to load font information for U+pzd on input line 63.
 (/usr/local/texlive/2024/texmf-dist/tex/latex/psnfss/upzd.fd
File: upzd.fd 2001/06/04 font definitions for U/pzd.
)
LaTeX Font Info:    Trying to load font information for U+psy on input line 64.
 (/usr/local/texlive/2024/texmf-dist/tex/latex/psnfss/upsy.fd
File: upsy.fd 2001/06/04 font definitions for U/psy.
)) (/usr/local/texlive/2024/texmf-dist/tex/latex/pgf/frontendlayer/tikz.sty (/usr/local/texlive/2024/texmf-dist/tex/latex/pgf/basiclayer/pgf.sty (/usr/local/texlive/2024/texmf-dist/tex/latex/pgf/utilities/pgfrcs.sty (/usr/local/texlive/2024/texmf-dist/tex/generic/pgf/utilities/pgfutil-common.tex
\pgfutil@everybye=\toks26
\pgfutil@tempdima=\dimen169
\pgfutil@tempdimb=\dimen170
) (/usr/local/texlive/2024/texmf-dist/tex/generic/pgf/utilities/pgfutil-latex.def
\pgfutil@abb=\box60
) (/usr/local/texlive/2024/texmf-dist/tex/generic/pgf/utilities/pgfrcs.code.tex (/usr/local/texlive/2024/texmf-dist/tex/generic/pgf/pgf.revision.tex)
Package: pgfrcs 2023-01-15 v3.1.10 (3.1.10)
))
Package: pgf 2023-01-15 v3.1.10 (3.1.10)
 (/usr/local/texlive/2024/texmf-dist/tex/latex/pgf/basiclayer/pgfcore.sty (/usr/local/texlive/2024/texmf-dist/tex/latex/pgf/systemlayer/pgfsys.sty (/usr/local/texlive/2024/texmf-dist/tex/generic/pgf/systemlayer/pgfsys.code.tex
Package: pgfsys 2023-01-15 v3.1.10 (3.1.10)
 (/usr/local/texlive/2024/texmf-dist/tex/generic/pgf/utilities/pgfkeys.code.tex
\pgfkeys@pathtoks=\toks27
\pgfkeys@temptoks=\toks28
 (/usr/local/texlive/2024/texmf-dist/tex/generic/pgf/utilities/pgfkeyslibraryfiltered.code.tex
\pgfkeys@tmptoks=\toks29
))
\pgf@x=\dimen171
\pgf@y=\dimen172
\pgf@xa=\dimen173
\pgf@ya=\dimen174
\pgf@xb=\dimen175
\pgf@yb=\dimen176
\pgf@xc=\dimen177
\pgf@yc=\dimen178
\pgf@xd=\dimen179
\pgf@yd=\dimen180
\w@pgf@writea=\write3
\r@pgf@reada=\read3
\c@pgf@counta=\count297
\c@pgf@countb=\count298
\c@pgf@countc=\count299
\c@pgf@countd=\count300
\t@pgf@toka=\toks30
\t@pgf@tokb=\toks31
\t@pgf@tokc=\toks32
\pgf@sys@id@count=\count301
 (/usr/local/texlive/2024/texmf-dist/tex/generic/pgf/systemlayer/pgf.cfg
File: pgf.cfg 2023-01-15 v3.1.10 (3.1.10)
)
Driver file for pgf: pgfsys-pdftex.def
 (/usr/local/texlive/2024/texmf-dist/tex/generic/pgf/systemlayer/pgfsys-pdftex.def
File: pgfsys-pdftex.def 2023-01-15 v3.1.10 (3.1.10)
 (/usr/local/texlive/2024/texmf-dist/tex/generic/pgf/systemlayer/pgfsys-common-pdf.def
File: pgfsys-common-pdf.def 2023-01-15 v3.1.10 (3.1.10)
))) (/usr/local/texlive/2024/texmf-dist/tex/generic/pgf/systemlayer/pgfsyssoftpath.code.tex
File: pgfsyssoftpath.code.tex 2023-01-15 v3.1.10 (3.1.10)
\pgfsyssoftpath@smallbuffer@items=\count302
\pgfsyssoftpath@bigbuffer@items=\count303
) (/usr/local/texlive/2024/texmf-dist/tex/generic/pgf/systemlayer/pgfsysprotocol.code.tex
File: pgfsysprotocol.code.tex 2023-01-15 v3.1.10 (3.1.10)
)) (/usr/local/texlive/2024/texmf-dist/tex/generic/pgf/basiclayer/pgfcore.code.tex
Package: pgfcore 2023-01-15 v3.1.10 (3.1.10)
 (/usr/local/texlive/2024/texmf-dist/tex/generic/pgf/math/pgfmath.code.tex (/usr/local/texlive/2024/texmf-dist/tex/generic/pgf/math/pgfmathutil.code.tex) (/usr/local/texlive/2024/texmf-dist/tex/generic/pgf/math/pgfmathparser.code.tex
\pgfmath@dimen=\dimen181
\pgfmath@count=\count304
\pgfmath@box=\box61
\pgfmath@toks=\toks33
\pgfmath@stack@operand=\toks34
\pgfmath@stack@operation=\toks35
) (/usr/local/texlive/2024/texmf-dist/tex/generic/pgf/math/pgfmathfunctions.code.tex) (/usr/local/texlive/2024/texmf-dist/tex/generic/pgf/math/pgfmathfunctions.basic.code.tex) (/usr/local/texlive/2024/texmf-dist/tex/generic/pgf/math/pgfmathfunctions.trigonometric.code.tex) (/usr/local/texlive/2024/texmf-dist/tex/generic/pgf/math/pgfmathfunctions.random.code.tex) (/usr/local/texlive/2024/texmf-dist/tex/generic/pgf/math/pgfmathfunctions.comparison.code.tex) (/usr/local/texlive/2024/texmf-dist/tex/generic/pgf/math/pgfmathfunctions.base.code.tex) (/usr/local/texlive/2024/texmf-dist/tex/generic/pgf/math/pgfmathfunctions.round.code.tex) (/usr/local/texlive/2024/texmf-dist/tex/generic/pgf/math/pgfmathfunctions.misc.code.tex) (/usr/local/texlive/2024/texmf-dist/tex/generic/pgf/math/pgfmathfunctions.integerarithmetics.code.tex) (/usr/local/texlive/2024/texmf-dist/tex/generic/pgf/math/pgfmathcalc.code.tex) (/usr/local/texlive/2024/texmf-dist/tex/generic/pgf/math/pgfmathfloat.code.tex
\c@pgfmathroundto@lastzeros=\count305
)) (/usr/local/texlive/2024/texmf-dist/tex/generic/pgf/math/pgfint.code.tex) (/usr/local/texlive/2024/texmf-dist/tex/generic/pgf/basiclayer/pgfcorepoints.code.tex
File: pgfcorepoints.code.tex 2023-01-15 v3.1.10 (3.1.10)
\pgf@picminx=\dimen182
\pgf@picmaxx=\dimen183
\pgf@picminy=\dimen184
\pgf@picmaxy=\dimen185
\pgf@pathminx=\dimen186
\pgf@pathmaxx=\dimen187
\pgf@pathminy=\dimen188
\pgf@pathmaxy=\dimen189
\pgf@xx=\dimen190
\pgf@xy=\dimen191
\pgf@yx=\dimen192
\pgf@yy=\dimen193
\pgf@zx=\dimen194
\pgf@zy=\dimen195
) (/usr/local/texlive/2024/texmf-dist/tex/generic/pgf/basiclayer/pgfcorepathconstruct.code.tex
File: pgfcorepathconstruct.code.tex 2023-01-15 v3.1.10 (3.1.10)
\pgf@path@lastx=\dimen196
\pgf@path@lasty=\dimen197
) (/usr/local/texlive/2024/texmf-dist/tex/generic/pgf/basiclayer/pgfcorepathusage.code.tex
File: pgfcorepathusage.code.tex 2023-01-15 v3.1.10 (3.1.10)
\pgf@shorten@end@additional=\dimen198
\pgf@shorten@start@additional=\dimen199
) (/usr/local/texlive/2024/texmf-dist/tex/generic/pgf/basiclayer/pgfcorescopes.code.tex
File: pgfcorescopes.code.tex 2023-01-15 v3.1.10 (3.1.10)
\pgfpic=\box62
\pgf@hbox=\box63
\pgf@layerbox@main=\box64
\pgf@picture@serial@count=\count306
) (/usr/local/texlive/2024/texmf-dist/tex/generic/pgf/basiclayer/pgfcoregraphicstate.code.tex
File: pgfcoregraphicstate.code.tex 2023-01-15 v3.1.10 (3.1.10)
\pgflinewidth=\dimen256
) (/usr/local/texlive/2024/texmf-dist/tex/generic/pgf/basiclayer/pgfcoretransformations.code.tex
File: pgfcoretransformations.code.tex 2023-01-15 v3.1.10 (3.1.10)
\pgf@pt@x=\dimen257
\pgf@pt@y=\dimen258
\pgf@pt@temp=\dimen259
) (/usr/local/texlive/2024/texmf-dist/tex/generic/pgf/basiclayer/pgfcorequick.code.tex
File: pgfcorequick.code.tex 2023-01-15 v3.1.10 (3.1.10)
) (/usr/local/texlive/2024/texmf-dist/tex/generic/pgf/basiclayer/pgfcoreobjects.code.tex
File: pgfcoreobjects.code.tex 2023-01-15 v3.1.10 (3.1.10)
) (/usr/local/texlive/2024/texmf-dist/tex/generic/pgf/basiclayer/pgfcorepathprocessing.code.tex
File: pgfcorepathprocessing.code.tex 2023-01-15 v3.1.10 (3.1.10)
) (/usr/local/texlive/2024/texmf-dist/tex/generic/pgf/basiclayer/pgfcorearrows.code.tex
File: pgfcorearrows.code.tex 2023-01-15 v3.1.10 (3.1.10)
\pgfarrowsep=\dimen260
) (/usr/local/texlive/2024/texmf-dist/tex/generic/pgf/basiclayer/pgfcoreshade.code.tex
File: pgfcoreshade.code.tex 2023-01-15 v3.1.10 (3.1.10)
\pgf@max=\dimen261
\pgf@sys@shading@range@num=\count307
\pgf@shadingcount=\count308
) (/usr/local/texlive/2024/texmf-dist/tex/generic/pgf/basiclayer/pgfcoreimage.code.tex
File: pgfcoreimage.code.tex 2023-01-15 v3.1.10 (3.1.10)
) (/usr/local/texlive/2024/texmf-dist/tex/generic/pgf/basiclayer/pgfcoreexternal.code.tex
File: pgfcoreexternal.code.tex 2023-01-15 v3.1.10 (3.1.10)
\pgfexternal@startupbox=\box65
) (/usr/local/texlive/2024/texmf-dist/tex/generic/pgf/basiclayer/pgfcorelayers.code.tex
File: pgfcorelayers.code.tex 2023-01-15 v3.1.10 (3.1.10)
) (/usr/local/texlive/2024/texmf-dist/tex/generic/pgf/basiclayer/pgfcoretransparency.code.tex
File: pgfcoretransparency.code.tex 2023-01-15 v3.1.10 (3.1.10)
) (/usr/local/texlive/2024/texmf-dist/tex/generic/pgf/basiclayer/pgfcorepatterns.code.tex
File: pgfcorepatterns.code.tex 2023-01-15 v3.1.10 (3.1.10)
) (/usr/local/texlive/2024/texmf-dist/tex/generic/pgf/basiclayer/pgfcorerdf.code.tex
File: pgfcorerdf.code.tex 2023-01-15 v3.1.10 (3.1.10)
))) (/usr/local/texlive/2024/texmf-dist/tex/generic/pgf/modules/pgfmoduleshapes.code.tex
File: pgfmoduleshapes.code.tex 2023-01-15 v3.1.10 (3.1.10)
\pgfnodeparttextbox=\box66
) (/usr/local/texlive/2024/texmf-dist/tex/generic/pgf/modules/pgfmoduleplot.code.tex
File: pgfmoduleplot.code.tex 2023-01-15 v3.1.10 (3.1.10)
) (/usr/local/texlive/2024/texmf-dist/tex/latex/pgf/compatibility/pgfcomp-version-0-65.sty
Package: pgfcomp-version-0-65 2023-01-15 v3.1.10 (3.1.10)
\pgf@nodesepstart=\dimen262
\pgf@nodesepend=\dimen263
) (/usr/local/texlive/2024/texmf-dist/tex/latex/pgf/compatibility/pgfcomp-version-1-18.sty
Package: pgfcomp-version-1-18 2023-01-15 v3.1.10 (3.1.10)
)) (/usr/local/texlive/2024/texmf-dist/tex/latex/pgf/utilities/pgffor.sty (/usr/local/texlive/2024/texmf-dist/tex/latex/pgf/utilities/pgfkeys.sty (/usr/local/texlive/2024/texmf-dist/tex/generic/pgf/utilities/pgfkeys.code.tex)) (/usr/local/texlive/2024/texmf-dist/tex/latex/pgf/math/pgfmath.sty (/usr/local/texlive/2024/texmf-dist/tex/generic/pgf/math/pgfmath.code.tex)) (/usr/local/texlive/2024/texmf-dist/tex/generic/pgf/utilities/pgffor.code.tex
Package: pgffor 2023-01-15 v3.1.10 (3.1.10)
\pgffor@iter=\dimen264
\pgffor@skip=\dimen265
\pgffor@stack=\toks36
\pgffor@toks=\toks37
)) (/usr/local/texlive/2024/texmf-dist/tex/generic/pgf/frontendlayer/tikz/tikz.code.tex
Package: tikz 2023-01-15 v3.1.10 (3.1.10)
 (/usr/local/texlive/2024/texmf-dist/tex/generic/pgf/libraries/pgflibraryplothandlers.code.tex
File: pgflibraryplothandlers.code.tex 2023-01-15 v3.1.10 (3.1.10)
\pgf@plot@mark@count=\count309
\pgfplotmarksize=\dimen266
)
\tikz@lastx=\dimen267
\tikz@lasty=\dimen268
\tikz@lastxsaved=\dimen269
\tikz@lastysaved=\dimen270
\tikz@lastmovetox=\dimen271
\tikz@lastmovetoy=\dimen272
\tikzleveldistance=\dimen273
\tikzsiblingdistance=\dimen274
\tikz@figbox=\box67
\tikz@figbox@bg=\box68
\tikz@tempbox=\box69
\tikz@tempbox@bg=\box70
\tikztreelevel=\count310
\tikznumberofchildren=\count311
\tikznumberofcurrentchild=\count312
\tikz@fig@count=\count313
 (/usr/local/texlive/2024/texmf-dist/tex/generic/pgf/modules/pgfmodulematrix.code.tex
File: pgfmodulematrix.code.tex 2023-01-15 v3.1.10 (3.1.10)
\pgfmatrixcurrentrow=\count314
\pgfmatrixcurrentcolumn=\count315
\pgf@matrix@numberofcolumns=\count316
)
\tikz@expandcount=\count317
 (/usr/local/texlive/2024/texmf-dist/tex/generic/pgf/frontendlayer/tikz/libraries/tikzlibrarytopaths.code.tex
File: tikzlibrarytopaths.code.tex 2023-01-15 v3.1.10 (3.1.10)
))) (/usr/local/texlive/2024/texmf-dist/tex/latex/tcolorbox/tcolorbox.sty
Package: tcolorbox 2024/01/10 version 6.2.0 text color boxes
 (/usr/local/texlive/2024/texmf-dist/tex/latex/tools/verbatim.sty
Package: verbatim 2023-11-06 v1.5v LaTeX2e package for verbatim enhancements
\every@verbatim=\toks38
\verbatim@line=\toks39
\verbatim@in@stream=\read4
) (/usr/local/texlive/2024/texmf-dist/tex/latex/environ/environ.sty
Package: environ 2014/05/04 v0.3 A new way to define environments
 (/usr/local/texlive/2024/texmf-dist/tex/latex/trimspaces/trimspaces.sty
Package: trimspaces 2009/09/17 v1.1 Trim spaces around a token list
)
\@envbody=\toks40
)
\tcb@titlebox=\box71
\tcb@upperbox=\box72
\tcb@lowerbox=\box73
\tcb@phantombox=\box74
\c@tcbbreakpart=\count318
\c@tcblayer=\count319
\c@tcolorbox@number=\count320
\l__tcobox_tmpa_box=\box75
\l__tcobox_tmpa_dim=\dimen275
\tcb@temp=\box76
\tcb@temp=\box77
\tcb@temp=\box78
\tcb@temp=\box79
) (/usr/local/texlive/2024/texmf-dist/tex/latex/tcolorbox/tcbskins.code.tex
Library (tcolorbox): 'tcbskins.code.tex' version '6.2.0'
(/usr/local/texlive/2024/texmf-dist/tex/latex/tikzfill/tikzfill.image.sty
Package: tikzfill.image 2023/08/08 v1.0.1 Image filling library for TikZ
 (/usr/local/texlive/2024/texmf-dist/tex/latex/tikzfill/tikzfill-common.sty
Package: tikzfill-common 2023/08/08 v1.0.1 Auxiliary code for tikzfill
) (/usr/local/texlive/2024/texmf-dist/tex/latex/tikzfill/tikzlibraryfill.image.code.tex
File: tikzlibraryfill.image.code.tex 2023/08/08 v1.0.1 Image filling library
\l__tikzfill_img_box=\box80
)) (/usr/local/texlive/2024/texmf-dist/tex/latex/tcolorbox/tcbskinsjigsaw.code.tex
Library (tcolorbox): 'tcbskinsjigsaw.code.tex' version '6.2.0'
)) (/usr/local/texlive/2024/texmf-dist/tex/latex/tcolorbox/tcbbreakable.code.tex
Library (tcolorbox): 'tcbbreakable.code.tex' version '6.2.0'
(/usr/local/texlive/2024/texmf-dist/tex/latex/pdfcol/pdfcol.sty
Package: pdfcol 2022-09-21 v1.7 Handle new color stacks for pdfTeX (HO)
)
Package pdfcol Info: New color stack `tcb@breakable' = 1 on input line 23.
\tcb@testbox=\box81
\tcb@totalupperbox=\box82
\tcb@totallowerbox=\box83
) (/usr/local/texlive/2024/texmf-dist/tex/latex/tocloft/tocloft.sty
Package: tocloft 2017/08/31 v2.3i parameterised ToC, etc., typesetting
Package tocloft Info: The document has section divisions on input line 51.
\cftparskip=\skip66
\cftbeforetoctitleskip=\skip67
\cftaftertoctitleskip=\skip68
\cftbeforepartskip=\skip69
\cftpartnumwidth=\skip70
\cftpartindent=\skip71
\cftbeforesecskip=\skip72
\cftsecindent=\skip73
\cftsecnumwidth=\skip74
\cftbeforesubsecskip=\skip75
\cftsubsecindent=\skip76
\cftsubsecnumwidth=\skip77
\cftbeforesubsubsecskip=\skip78
\cftsubsubsecindent=\skip79
\cftsubsubsecnumwidth=\skip80
\cftbeforeparaskip=\skip81
\cftparaindent=\skip82
\cftparanumwidth=\skip83
\cftbeforesubparaskip=\skip84
\cftsubparaindent=\skip85
\cftsubparanumwidth=\skip86
\cftbeforeloftitleskip=\skip87
\cftafterloftitleskip=\skip88
\cftbeforefigskip=\skip89
\cftfigindent=\skip90
\cftfignumwidth=\skip91
\c@lofdepth=\count321
\c@lotdepth=\count322
\cftbeforelottitleskip=\skip92
\cftafterlottitleskip=\skip93
\cftbeforetabskip=\skip94
\cfttabindent=\skip95
\cfttabnumwidth=\skip96
) (/usr/local/texlive/2024/texmf-dist/tex/latex/fundus-calligra/calligra.sty
Package: calligra 2012/04/10 v1.9 LaTeX package calligra
) (/usr/local/texlive/2024/texmf-dist/tex/latex/lettrine/lettrine.sty
File: lettrine.sty 2024-01-20 v2.60 (Daniel Flipo)
 (/usr/local/texlive/2024/texmf-dist/tex/latex/l3packages/xfp/xfp.sty (/usr/local/texlive/2024/texmf-dist/tex/latex/l3kernel/expl3.sty
Package: expl3 2024-02-20 L3 programming layer (loader) 
 (/usr/local/texlive/2024/texmf-dist/tex/latex/l3backend/l3backend-pdftex.def
File: l3backend-pdftex.def 2024-02-20 L3 backend support: PDF output (pdfTeX)
\l__color_backend_stack_int=\count323
\l__pdf_internal_box=\box84
))
Package: xfp 2024-02-18 L3 Floating point unit
)
\c@DefaultLines=\count324
\c@DefaultDepth=\count325
\DefaultFindent=\dimen276
\DefaultNindent=\dimen277
\DefaultSlope=\dimen278
\DiscardVskip=\dimen279
\L@lettrine=\box85
\L@lbox=\box86
\L@tbox=\box87
\c@L@lines=\count326
\c@L@depth=\count327
\L@Pindent=\dimen280
\L@Findent=\dimen281
\L@Nindent=\dimen282
\L@lraise=\dimen283
\L@first=\dimen284
\L@next=\dimen285
\L@slope=\dimen286
\L@height=\dimen287
\L@novskip=\dimen288
\L@ruleht=\dimen289
\L@target@ht=\dimen290
\L@target@dp=\dimen291
\L@target@tht=\dimen292
\LettrineWidth=\dimen293
\LettrineHeight=\dimen294
\LettrineDepth=\dimen295

Loading lettrine.cfg
(/usr/local/texlive/2024/texmf-dist/tex/latex/lettrine/lettrine.cfg)
\Llist@everypar=\toks41
)
\enitdp@weddinglist=\count328
\enitdp@curiositylist=\count329
\enitdp@foodlist=\count330
Package hyperref Info: Option `colorlinks' set `true' on input line 101.
 (./matrimonio_bilingual.aux)
\openout1 = `matrimonio_bilingual.aux'.

LaTeX Font Info:    Checking defaults for OML/cmm/m/it on input line 168.
LaTeX Font Info:    ... okay on input line 168.
LaTeX Font Info:    Checking defaults for OMS/cmsy/m/n on input line 168.
LaTeX Font Info:    ... okay on input line 168.
LaTeX Font Info:    Checking defaults for OT1/cmr/m/n on input line 168.
LaTeX Font Info:    ... okay on input line 168.
LaTeX Font Info:    Checking defaults for T1/cmr/m/n on input line 168.
LaTeX Font Info:    ... okay on input line 168.
LaTeX Font Info:    Checking defaults for TS1/cmr/m/n on input line 168.
LaTeX Font Info:    ... okay on input line 168.
LaTeX Font Info:    Checking defaults for OMX/cmex/m/n on input line 168.
LaTeX Font Info:    ... okay on input line 168.
LaTeX Font Info:    Checking defaults for U/cmr/m/n on input line 168.
LaTeX Font Info:    ... okay on input line 168.
LaTeX Font Info:    Checking defaults for PD1/pdf/m/n on input line 168.
LaTeX Font Info:    ... okay on input line 168.
LaTeX Font Info:    Checking defaults for PU/pdf/m/n on input line 168.
LaTeX Font Info:    ... okay on input line 168.

*geometry* driver: auto-detecting
*geometry* detected driver: pdftex
*geometry* verbose mode - [ preamble ] result:
* driver: pdftex
* paper: a4paper
* layout: <same size as paper>
* layoutoffset:(h,v)=(0.0pt,0.0pt)
* modes: landscape 
* h-part:(L,W,R)=(42.67912pt, 759.6886pt, 42.67912pt)
* v-part:(T,H,B)=(71.13188pt, 483.69687pt, 42.67912pt)
* \paperwidth=845.04684pt
* \paperheight=597.50787pt
* \textwidth=759.6886pt
* \textheight=483.69687pt
* \oddsidemargin=-29.59087pt
* \evensidemargin=-29.59087pt
* \topmargin=-39.36447pt
* \headheight=24.0pt
* \headsep=14.22636pt
* \topskip=14.0pt
* \footskip=30.0pt
* \marginparwidth=114.0pt
* \marginparsep=10.0pt
* \columnsep=41.1211pt
* \skip\footins=12.0pt plus 4.0pt minus 2.0pt
* \hoffset=0.0pt
* \voffset=0.0pt
* \mag=1000
* \@twocolumnfalse
* \@twosidefalse
* \@mparswitchfalse
* \@reversemarginfalse
* (1in=72.27pt=25.4mm, 1cm=28.453pt)

LaTeX Info: Redefining \it@ocap on input line 168.
LaTeX Info: Redefining \it@ccap on input line 168.
(/usr/local/texlive/2024/texmf-dist/tex/context/base/mkii/supp-pdf.mkii
[Loading MPS to PDF converter (version 2006.09.02).]
\scratchcounter=\count331
\scratchdimen=\dimen296
\scratchbox=\box88
\nofMPsegments=\count332
\nofMParguments=\count333
\everyMPshowfont=\toks42
\MPscratchCnt=\count334
\MPscratchDim=\dimen297
\MPnumerator=\count335
\makeMPintoPDFobject=\count336
\everyMPtoPDFconversion=\toks43
) (/usr/local/texlive/2024/texmf-dist/tex/latex/epstopdf-pkg/epstopdf-base.sty
Package: epstopdf-base 2020-01-24 v2.11 Base part for package epstopdf
Package epstopdf-base Info: Redefining graphics rule for `.eps' on input line 485.
 (/usr/local/texlive/2024/texmf-dist/tex/latex/latexconfig/epstopdf-sys.cfg
File: epstopdf-sys.cfg 2010/07/13 v1.3 Configuration of (r)epstopdf for TeX Live
))
Package hyperref Info: Link coloring ON on input line 168.
 (./matrimonio_bilingual.out) (./matrimonio_bilingual.out)
\@outlinefile=\write4
\openout4 = `matrimonio_bilingual.out'.

LaTeX Info: Redefining \microtypecontext on input line 168.


Package microtype Warning: Unable to apply patch `item' on input line 168.

Package microtype Info: Applying patch `toc' on input line 168.
Package microtype Info: Applying patch `eqnum' on input line 168.
Package microtype Info: Applying patch `footnote' on input line 168.
Package microtype Info: Applying patch `verbatim' on input line 168.
Package microtype Info: Generating PDF output.
Package microtype Info: Character protrusion enabled (level 2).
Package microtype Info: Using default protrusion set `alltext'.
Package microtype Info: Automatic font expansion enabled (level 2),
(microtype)             stretch: 20, shrink: 20, step: 1, non-selected.
Package microtype Info: Using default expansion set `alltext-nott'.
LaTeX Info: Redefining \showhyphens on input line 168.
Package microtype Info: No adjustment of tracking.
Package microtype Info: No adjustment of interword spacing.
Package microtype Info: No adjustment of character kerning.
(/usr/local/texlive/2024/texmf-dist/tex/latex/microtype/mt-cmr.cfg
File: mt-cmr.cfg 2013/05/19 v2.2 microtype config. file: Computer Modern Roman (RS)
) [1

{/usr/local/texlive/2024/texmf-var/fonts/map/pdftex/updmap/pdftex.map}{/usr/local/texlive/2024/texmf-dist/fonts/enc/dvips/cm-super/cm-super-t1.enc}]
<./images/media/cover2.jpg, id=16, 3458.9225pt x 3908.6025pt>
File: ./images/media/cover2.jpg Graphic file (type jpg)
<use ./images/media/cover2.jpg>
Package pdftex.def Info: ./images/media/cover2.jpg  used on input line 199.
(pdftex.def)             Requested size: 316.56747pt x 357.72308pt.


Package fancyhdr Warning: \headheight is too small (24.0pt): 
(fancyhdr)                Make it at least 28.89995pt, for example:
(fancyhdr)                \setlength{\headheight}{28.89995pt}.
(fancyhdr)                You might also make \topmargin smaller to compensate:
(fancyhdr)                \addtolength{\topmargin}{-4.89995pt}.

[2 <./images/media/cover2.jpg>]
<./images/media/Flag_of_Italy.svg.png, id=23, 2569.6pt x 1713.40125pt>
File: ./images/media/Flag_of_Italy.svg.png Graphic file (type png)
<use ./images/media/Flag_of_Italy.svg.png>
Package pdftex.def Info: ./images/media/Flag_of_Italy.svg.png  used on input line 226.
(pdftex.def)             Requested size: 20.54546pt x 13.70703pt.
File: ./images/media/Flag_of_Italy.svg.png Graphic file (type png)
<use ./images/media/Flag_of_Italy.svg.png>
Package pdftex.def Info: ./images/media/Flag_of_Italy.svg.png  used on input line 226.
(pdftex.def)             Requested size: 20.54546pt x 13.70703pt.
<./images/media/Flag_of_Slovakia.svg.png, id=24, 2569.6pt x 1713.40125pt>
File: ./images/media/Flag_of_Slovakia.svg.png Graphic file (type png)
<use ./images/media/Flag_of_Slovakia.svg.png>
Package pdftex.def Info: ./images/media/Flag_of_Slovakia.svg.png  used on input line 269.
(pdftex.def)             Requested size: 20.54546pt x 13.70703pt.
File: ./images/media/Flag_of_Slovakia.svg.png Graphic file (type png)
<use ./images/media/Flag_of_Slovakia.svg.png>
Package pdftex.def Info: ./images/media/Flag_of_Slovakia.svg.png  used on input line 269.
(pdftex.def)             Requested size: 20.54546pt x 13.70703pt.
 [3 <./images/media/Flag_of_Italy.svg.png> <./images/media/Flag_of_Slovakia.svg.png>]

Package fancyhdr Warning: \headheight is too small (24.0pt): 
(fancyhdr)                Make it at least 28.89995pt, for example:
(fancyhdr)                \setlength{\headheight}{28.89995pt}.
(fancyhdr)                You might also make \topmargin smaller to compensate:
(fancyhdr)                \addtolength{\topmargin}{-4.89995pt}.

[4]
Underfull \hbox (badness 10000) in paragraph at lines 331--331
|\T1/cmr/bx/n/20.74 (+20) GIORNO 1|
 []


Underfull \hbox (badness 10000) in paragraph at lines 335--335
|\T1/cmr/bx/n/17.28 (+20) ARRIVO A BO-LOGNA|
 []


Underfull \hbox (badness 4726) in paragraph at lines 342--342
|\T1/cmr/bx/n/17.28 (+20) Pranzo nella Trat-to-ria ``Il Me-lon-cello''|
 []


Underfull \hbox (badness 10000) in paragraph at lines 346--346
|\T1/cmr/bx/n/20.74 (+20) DEŒ 1|
 []


Underfull \hbox (badness 10000) in paragraph at lines 350--350
|\T1/cmr/bx/n/17.28 (+20) PRÍCHOD DO BO-LOGNE|
 []


Package fancyhdr Warning: \headheight is too small (24.0pt): 
(fancyhdr)                Make it at least 28.89995pt, for example:
(fancyhdr)                \setlength{\headheight}{28.89995pt}.
(fancyhdr)                You might also make \topmargin smaller to compensate:
(fancyhdr)                \addtolength{\topmargin}{-4.89995pt}.

[5]
Underfull \hbox (badness 10000) in paragraph at lines 357--357
|\T1/cmr/bx/n/17.28 (+20) Obed v Trat-to-ria ``Il Me-lon-cello''|
 []

<./images/media/image2.png, id=45, 462.97969pt x 587.19376pt>
File: ./images/media/image2.png Graphic file (type png)
<use ./images/media/image2.png>
Package pdftex.def Info: ./images/media/image2.png  used on input line 363.
(pdftex.def)             Requested size: 167.57681pt x 212.53645pt.

Package fancyhdr Warning: \headheight is too small (24.0pt): 
(fancyhdr)                Make it at least 28.89995pt, for example:
(fancyhdr)                \setlength{\headheight}{28.89995pt}.
(fancyhdr)                You might also make \topmargin smaller to compensate:
(fancyhdr)                \addtolength{\topmargin}{-4.89995pt}.

[6 <./images/media/image2.png>]

Package fancyhdr Warning: \headheight is too small (24.0pt): 
(fancyhdr)                Make it at least 28.89995pt, for example:
(fancyhdr)                \setlength{\headheight}{28.89995pt}.
(fancyhdr)                You might also make \topmargin smaller to compensate:
(fancyhdr)                \addtolength{\topmargin}{-4.89995pt}.

[7]
Overfull \hbox (10.62152pt too wide) in paragraph at lines 422--422
|\T1/cmr/bx/n/17.28 (-20) PER DI-GE-RIRE UNA BELLA CAM-MI-NATA|
 []


Underfull \hbox (badness 10000) in paragraph at lines 424--424
|\T1/cmr/bx/n/17.28 (+20) Santuario di San Luca|
 []


Underfull \hbox (badness 10000) in paragraph at lines 430--430
|\T1/cmr/bx/n/17.28 (+20) Sväty¬a San Luca|
 []

<./images/media/image3.jpeg, id=56, 193.9245pt x 286.06876pt>
File: ./images/media/image3.jpeg Graphic file (type jpg)
<use ./images/media/image3.jpeg>
Package pdftex.def Info: ./images/media/image3.jpeg  used on input line 436.
(pdftex.def)             Requested size: 164.11162pt x 242.4088pt.
<./images/media/image4.jpeg, id=57, 201.1515pt x 178.86826pt>
File: ./images/media/image4.jpeg Graphic file (type jpg)
<use ./images/media/image4.jpeg>
Package pdftex.def Info: ./images/media/image4.jpeg  used on input line 436.
(pdftex.def)             Requested size: 212.30183pt x 188.21022pt.

Overfull \hbox (0.25974pt too wide) in paragraph at lines 447--448
\T1/cmr/m/n/14.4 (-20) se-colo, pro-get-tato da Carlo Fran-cesco Dotti, con una grande
 []


Package fancyhdr Warning: \headheight is too small (24.0pt): 
(fancyhdr)                Make it at least 28.89995pt, for example:
(fancyhdr)                \setlength{\headheight}{28.89995pt}.
(fancyhdr)                You might also make \topmargin smaller to compensate:
(fancyhdr)                \addtolength{\topmargin}{-4.89995pt}.

[8 <./images/media/image3.jpeg> <./images/media/image4.jpeg>]
Underfull \hbox (badness 10000) in paragraph at lines 468--468
|\T1/cmr/bx/n/17.28 (+20) Il por-tico più lungo del mondo|
 []


Overfull \hbox (27.44603pt too wide) in paragraph at lines 489--490
[]\T1/cmr/m/n/14.4 (-20) Dal 2021 il San-tu-ario è \T1/cmr/bx/n/14.4 (-20) Pat-ri-mo-nio dell'Umanità UNESCO\T1/cmr/m/n/14.4 (-20) . 
 []


Underfull \hbox (badness 10000) in paragraph at lines 500--500
|\T1/cmr/bx/n/17.28 (+20) Najdlh²í por-ti-kus na svete|
 []


Package fancyhdr Warning: \headheight is too small (24.0pt): 
(fancyhdr)                Make it at least 28.89995pt, for example:
(fancyhdr)                \setlength{\headheight}{28.89995pt}.
(fancyhdr)                You might also make \topmargin smaller to compensate:
(fancyhdr)                \addtolength{\topmargin}{-4.89995pt}.

[9]

Package fancyhdr Warning: \headheight is too small (24.0pt): 
(fancyhdr)                Make it at least 28.89995pt, for example:
(fancyhdr)                \setlength{\headheight}{28.89995pt}.
(fancyhdr)                You might also make \topmargin smaller to compensate:
(fancyhdr)                \addtolength{\topmargin}{-4.89995pt}.

[10]
Underfull \hbox (badness 10000) in paragraph at lines 539--539
|\T1/cmr/bx/n/17.28 (+20) I por-tici di Bo-logna|
 []


Underfull \hbox (badness 10000) in paragraph at lines 543--543
|\T1/cmr/bx/n/17.28 (+20) Portiky Bo-logne|
 []

<./images/media/image5.png, id=70, 106.14656pt x 166.37157pt>
File: ./images/media/image5.png Graphic file (type png)
<use ./images/media/image5.png>
Package pdftex.def Info: ./images/media/image5.png  used on input line 549.
(pdftex.def)             Requested size: 112.9003pt x 176.96227pt.

Package fancyhdr Warning: \headheight is too small (24.0pt): 
(fancyhdr)                Make it at least 28.89995pt, for example:
(fancyhdr)                \setlength{\headheight}{28.89995pt}.
(fancyhdr)                You might also make \topmargin smaller to compensate:
(fancyhdr)                \addtolength{\topmargin}{-4.89995pt}.

[11 <./images/media/image5.png>]

Package fancyhdr Warning: \headheight is too small (24.0pt): 
(fancyhdr)                Make it at least 28.89995pt, for example:
(fancyhdr)                \setlength{\headheight}{28.89995pt}.
(fancyhdr)                You might also make \topmargin smaller to compensate:
(fancyhdr)                \addtolength{\topmargin}{-4.89995pt}.

[12]
Underfull \hbox (badness 10000) in paragraph at lines 610--610
|\T1/cmr/bx/n/17.28 (+20) Basilica di San Pet-ro-nio|
 []


Overfull \hbox (19.42914pt too wide) in paragraph at lines 614--614
|\T1/cmr/bx/n/20.74 (-20) Centrum mesta -- Nie-ktoré hlavné miesta|
 []


Underfull \hbox (badness 10000) in paragraph at lines 616--616
|\T1/cmr/bx/n/17.28 (+20) Bazilika San Pet-ro-nio|
 []

<./images/media/image6.png, id=80, 468.24937pt x 362.85562pt>
File: ./images/media/image6.png Graphic file (type png)
<use ./images/media/image6.png>
Package pdftex.def Info: ./images/media/image6.png  used on input line 622.
(pdftex.def)             Requested size: 212.83945pt x 164.93346pt.
<./images/media/image7.png, id=81, 383.93437pt x 213.04594pt>
File: ./images/media/image7.png Graphic file (type png)
<use ./images/media/image7.png>
Package pdftex.def Info: ./images/media/image7.png  used on input line 622.
(pdftex.def)             Requested size: 235.50603pt x 130.686pt.
<./images/media/image8.png, id=82, 308.65312pt x 160.34906pt>
File: ./images/media/image8.png Graphic file (type png)
<use ./images/media/image8.png>
Package pdftex.def Info: ./images/media/image8.png  used on input line 644.
(pdftex.def)             Requested size: 219.03221pt x 113.7899pt.
<./images/media/image9.png, id=83, 576.65437pt x 358.33875pt>
File: ./images/media/image9.png Graphic file (type png)
<use ./images/media/image9.png>
Package pdftex.def Info: ./images/media/image9.png  used on input line 644.
(pdftex.def)             Requested size: 184.78833pt x 114.82384pt.

Package fancyhdr Warning: \headheight is too small (24.0pt): 
(fancyhdr)                Make it at least 28.89995pt, for example:
(fancyhdr)                \setlength{\headheight}{28.89995pt}.
(fancyhdr)                You might also make \topmargin smaller to compensate:
(fancyhdr)                \addtolength{\topmargin}{-4.89995pt}.

[13 <./images/media/image6.png> <./images/media/image7.png> <./images/media/image8.png> <./images/media/image9.png>]

Package fancyhdr Warning: \headheight is too small (24.0pt): 
(fancyhdr)                Make it at least 28.89995pt, for example:
(fancyhdr)                \setlength{\headheight}{28.89995pt}.
(fancyhdr)                You might also make \topmargin smaller to compensate:
(fancyhdr)                \addtolength{\topmargin}{-4.89995pt}.

[14]
Overfull \hbox (13.48077pt too wide) in paragraph at lines 707--708
\T1/cmr/m/n/14.4 (-20) draghi e mac-chine te-at-rali: un vero te-atro me-die-vale all'aperto. 
 []


Package fancyhdr Warning: \headheight is too small (24.0pt): 
(fancyhdr)                Make it at least 28.89995pt, for example:
(fancyhdr)                \setlength{\headheight}{28.89995pt}.
(fancyhdr)                You might also make \topmargin smaller to compensate:
(fancyhdr)                \addtolength{\topmargin}{-4.89995pt}.

[15]
Underfull \hbox (badness 10000) in paragraph at lines 747--747
|\T1/cmr/bx/n/17.28 (+20) Canali sot-ter-ra-nei:|
 []


Underfull \hbox (badness 10000) in paragraph at lines 751--751
|\T1/cmr/bx/n/17.28 (+20) Podzemné ka-nály:|
 []

<./images/media/image10.png, id=101, 300.3722pt x 262.73157pt>
File: ./images/media/image10.png Graphic file (type png)
<use ./images/media/image10.png>
Package pdftex.def Info: ./images/media/image10.png  used on input line 757.
(pdftex.def)             Requested size: 157.97275pt x 138.17667pt.
<./images/media/image11.png, id=102, 363.60844pt x 255.20343pt>
File: ./images/media/image11.png Graphic file (type png)
<use ./images/media/image11.png>
Package pdftex.def Info: ./images/media/image11.png  used on input line 757.
(pdftex.def)             Requested size: 195.064pt x 136.91216pt.

Package fancyhdr Warning: \headheight is too small (24.0pt): 
(fancyhdr)                Make it at least 28.89995pt, for example:
(fancyhdr)                \setlength{\headheight}{28.89995pt}.
(fancyhdr)                You might also make \topmargin smaller to compensate:
(fancyhdr)                \addtolength{\topmargin}{-4.89995pt}.

[16 <./images/media/image10.png> <./images/media/image11.png>]
Underfull \hbox (badness 10000) in paragraph at lines 793--793
|\T1/cmr/bx/n/17.28 (+20) Voltone del Po-destà|
 []


Underfull \hbox (badness 10000) in paragraph at lines 797--797
|\T1/cmr/bx/n/17.28 (+20) Voltone del Po-destà|
 []

<./images/media/image12.png, id=109, 166.37157pt x 258.9675pt>
File: ./images/media/image12.png Graphic file (type png)
<use ./images/media/image12.png>
Package pdftex.def Info: ./images/media/image12.png  used on input line 803.
(pdftex.def)             Requested size: 118.38356pt x 184.27519pt.
<./images/media/image13.png, id=110, 332.74312pt x 252.19218pt>
File: ./images/media/image13.png Graphic file (type png)
<use ./images/media/image13.png>
Package pdftex.def Info: ./images/media/image13.png  used on input line 803.
(pdftex.def)             Requested size: 241.23003pt x 182.83272pt.

Package fancyhdr Warning: \headheight is too small (24.0pt): 
(fancyhdr)                Make it at least 28.89995pt, for example:
(fancyhdr)                \setlength{\headheight}{28.89995pt}.
(fancyhdr)                You might also make \topmargin smaller to compensate:
(fancyhdr)                \addtolength{\topmargin}{-4.89995pt}.

[17 <./images/media/image12.png> <./images/media/image13.png>]

Package fancyhdr Warning: \headheight is too small (24.0pt): 
(fancyhdr)                Make it at least 28.89995pt, for example:
(fancyhdr)                \setlength{\headheight}{28.89995pt}.
(fancyhdr)                You might also make \topmargin smaller to compensate:
(fancyhdr)                \addtolength{\topmargin}{-4.89995pt}.

[18]
Underfull \hbox (badness 10000) in paragraph at lines 856--856
|\T1/cmr/bx/n/17.28 (+20) Piazza del Net-tuno|
 []


Underfull \hbox (badness 10000) in paragraph at lines 860--860
|\T1/cmr/bx/n/17.28 (+20) Námestie Ne-ptúna|
 []

<./images/media/image14.png, id=121, 318.43968pt x 252.19218pt>
File: ./images/media/image14.png Graphic file (type png)
<use ./images/media/image14.png>
Package pdftex.def Info: ./images/media/image14.png  used on input line 866.
(pdftex.def)             Requested size: 185.71553pt x 147.08351pt.

Underfull \hbox (badness 10000) in paragraph at lines 902--902
|\T1/cmr/bx/n/17.28 (+20) Le Due Torri di Bo-logna|
 []


Package fancyhdr Warning: \headheight is too small (24.0pt): 
(fancyhdr)                Make it at least 28.89995pt, for example:
(fancyhdr)                \setlength{\headheight}{28.89995pt}.
(fancyhdr)                You might also make \topmargin smaller to compensate:
(fancyhdr)                \addtolength{\topmargin}{-4.89995pt}.

[19 <./images/media/image14.png>]
Underfull \hbox (badness 10000) in paragraph at lines 907--907
|\T1/cmr/bx/n/17.28 (+20) Dve veºe Bo-logne|
 []

<./images/media/image15.png, id=128, 228.10219pt x 227.34938pt>
File: ./images/media/image15.png Graphic file (type png)
<use ./images/media/image15.png>
Package pdftex.def Info: ./images/media/image15.png  used on input line 913.
(pdftex.def)             Requested size: 173.05664pt x 172.4855pt.
<./images/media/image16.png, id=129, 309.40594pt x 220.57407pt>
File: ./images/media/image16.png Graphic file (type png)
<use ./images/media/image16.png>
Package pdftex.def Info: ./images/media/image16.png  used on input line 913.
(pdftex.def)             Requested size: 240.24507pt x 171.27296pt.

Package fancyhdr Warning: \headheight is too small (24.0pt): 
(fancyhdr)                Make it at least 28.89995pt, for example:
(fancyhdr)                \setlength{\headheight}{28.89995pt}.
(fancyhdr)                You might also make \topmargin smaller to compensate:
(fancyhdr)                \addtolength{\topmargin}{-4.89995pt}.

[20 <./images/media/image15.png> <./images/media/image16.png>]

Package fancyhdr Warning: \headheight is too small (24.0pt): 
(fancyhdr)                Make it at least 28.89995pt, for example:
(fancyhdr)                \setlength{\headheight}{28.89995pt}.
(fancyhdr)                You might also make \topmargin smaller to compensate:
(fancyhdr)                \addtolength{\topmargin}{-4.89995pt}.

[21]
<./images/media/image17.png, id=140, 356.0803pt x 246.9225pt>
File: ./images/media/image17.png Graphic file (type png)
<use ./images/media/image17.png>
Package pdftex.def Info: ./images/media/image17.png  used on input line 964.
(pdftex.def)             Requested size: 220.63167pt x 152.99615pt.
<./images/media/image18.png, id=141, 391.4625pt x 269.50688pt>
File: ./images/media/image18.png Graphic file (type png)
<use ./images/media/image18.png>
Package pdftex.def Info: ./images/media/image18.png  used on input line 964.
(pdftex.def)             Requested size: 221.39175pt x 152.41971pt.

Overfull \hbox (8.53563pt too wide) in paragraph at lines 1004--1005
[]\T1/cmr/m/n/14.4 (-20) Na po-v²im-nu-tie: skryté ob-lúky, stre-do-veké por-tiky a striedme
 []


Package fancyhdr Warning: \headheight is too small (24.0pt): 
(fancyhdr)                Make it at least 28.89995pt, for example:
(fancyhdr)                \setlength{\headheight}{28.89995pt}.
(fancyhdr)                You might also make \topmargin smaller to compensate:
(fancyhdr)                \addtolength{\topmargin}{-4.89995pt}.

[22 <./images/media/image17.png> <./images/media/image18.png>]

Package fancyhdr Warning: \headheight is too small (24.0pt): 
(fancyhdr)                Make it at least 28.89995pt, for example:
(fancyhdr)                \setlength{\headheight}{28.89995pt}.
(fancyhdr)                You might also make \topmargin smaller to compensate:
(fancyhdr)                \addtolength{\topmargin}{-4.89995pt}.

[23]
Underfull \hbox (badness 10000) in paragraph at lines 1073--1073
|\T1/cmr/bx/n/17.28 (+20) Università di Bo-logna|
 []


Underfull \hbox (badness 10000) in paragraph at lines 1079--1079
|\T1/cmr/bx/n/17.28 (+20) Bolo¬ská uni-ver-zita|
 []

<./images/media/image19.png, id=152, 302.63063pt x 276.28218pt>
File: ./images/media/image19.png Graphic file (type png)
<use ./images/media/image19.png>
Package pdftex.def Info: ./images/media/image19.png  used on input line 1085.
(pdftex.def)             Requested size: 108.40666pt x 99.0062pt.
<./images/media/image20.png, id=153, 374.14781pt x 236.38312pt>
File: ./images/media/image20.png Graphic file (type png)
<use ./images/media/image20.png>
Package pdftex.def Info: ./images/media/image20.png  used on input line 1085.
(pdftex.def)             Requested size: 158.99072pt x 99.7347pt.

Package fancyhdr Warning: \headheight is too small (24.0pt): 
(fancyhdr)                Make it at least 28.89995pt, for example:
(fancyhdr)                \setlength{\headheight}{28.89995pt}.
(fancyhdr)                You might also make \topmargin smaller to compensate:
(fancyhdr)                \addtolength{\topmargin}{-4.89995pt}.

[24 <./images/media/image19.png> <./images/media/image20.png>]

Package fancyhdr Warning: \headheight is too small (24.0pt): 
(fancyhdr)                Make it at least 28.89995pt, for example:
(fancyhdr)                \setlength{\headheight}{28.89995pt}.
(fancyhdr)                You might also make \topmargin smaller to compensate:
(fancyhdr)                \addtolength{\topmargin}{-4.89995pt}.

[25]
Underfull \hbox (badness 10000) in paragraph at lines 1152--1152
|\T1/cmr/bx/n/17.28 (+20) Le porte di Bo-logna|
 []


Underfull \hbox (badness 10000) in paragraph at lines 1156--1156
|\T1/cmr/bx/n/17.28 (+20) Brány Bo-logne|
 []

<./images/media/image21.png, id=165, 285.795pt x 153.738pt>
File: ./images/media/image21.png Graphic file (type png)
<use ./images/media/image21.png>
Package pdftex.def Info: ./images/media/image21.png  used on input line 1162.
(pdftex.def)             Requested size: 285.32768pt x 153.53587pt.
<./images/media/image22.jpeg, id=166, 475.7775pt x 252.945pt>
File: ./images/media/image22.jpeg Graphic file (type jpg)
<use ./images/media/image22.jpeg>
Package pdftex.def Info: ./images/media/image22.jpeg  used on input line 1168.
(pdftex.def)             Requested size: 203.39699pt x 108.40527pt.
<./images/media/image23.jpeg, id=167, 390.86024pt x 317.988pt>
File: ./images/media/image23.jpeg Graphic file (type jpg)
<use ./images/media/image23.jpeg>
Package pdftex.def Info: ./images/media/image23.jpeg  used on input line 1168.
(pdftex.def)             Requested size: 148.70735pt x 121.20059pt.
<./images/media/image24.jpeg, id=168, 394.47375pt x 261.97874pt>
File: ./images/media/image24.jpeg Graphic file (type jpg)
<use ./images/media/image24.jpeg>
Package pdftex.def Info: ./images/media/image24.jpeg  used on input line 1174.
(pdftex.def)             Requested size: 179.9192pt x 119.75616pt.

Package fancyhdr Warning: \headheight is too small (24.0pt): 
(fancyhdr)                Make it at least 28.89995pt, for example:
(fancyhdr)                \setlength{\headheight}{28.89995pt}.
(fancyhdr)                You might also make \topmargin smaller to compensate:
(fancyhdr)                \addtolength{\topmargin}{-4.89995pt}.

[26 <./images/media/image21.png> <./images/media/image22.jpeg> <./images/media/image23.jpeg> <./images/media/image24.jpeg>]

Package fancyhdr Warning: \headheight is too small (24.0pt): 
(fancyhdr)                Make it at least 28.89995pt, for example:
(fancyhdr)                \setlength{\headheight}{28.89995pt}.
(fancyhdr)                You might also make \topmargin smaller to compensate:
(fancyhdr)                \addtolength{\topmargin}{-4.89995pt}.

[27]

Package fancyhdr Warning: \headheight is too small (24.0pt): 
(fancyhdr)                Make it at least 28.89995pt, for example:
(fancyhdr)                \setlength{\headheight}{28.89995pt}.
(fancyhdr)                You might also make \topmargin smaller to compensate:
(fancyhdr)                \addtolength{\topmargin}{-4.89995pt}.

[28]
Underfull \hbox (badness 10000) in paragraph at lines 1244--1244
|\T1/cmr/bx/n/20.74 (+20) GIORNO 2|
 []


Underfull \hbox (badness 10000) in paragraph at lines 1248--1248
\T1/cmr/bx/n/17.28 (+20) il mat-ri-mo-nio|
 []


Underfull \hbox (badness 10000) in paragraph at lines 1252--1252
|\T1/cmr/bx/n/20.74 (+20) DEŒ 2|
 []


Underfull \hbox (badness 10000) in paragraph at lines 1257--1257
\T1/cmr/bx/n/17.28 (+20) koná svadba|
 []

<./images/media/image25.png, id=181, 213.1965pt x 178.047pt>
File: ./images/media/image25.png Graphic file (type png)
<use ./images/media/image25.png>
Package pdftex.def Info: ./images/media/image25.png  used on input line 1263.
(pdftex.def)             Requested size: 212.72426pt x 177.67706pt.
<./images/media/image26.png, id=182, 531.9875pt x 513.92pt>
File: ./images/media/image26.png Graphic file (type png)
<use ./images/media/image26.png>
Package pdftex.def Info: ./images/media/image26.png  used on input line 1263.
(pdftex.def)             Requested size: 181.10065pt x 174.6207pt.

Package fancyhdr Warning: \headheight is too small (24.0pt): 
(fancyhdr)                Make it at least 28.89995pt, for example:
(fancyhdr)                \setlength{\headheight}{28.89995pt}.
(fancyhdr)                You might also make \topmargin smaller to compensate:
(fancyhdr)                \addtolength{\topmargin}{-4.89995pt}.

[29 <./images/media/image25.png> <./images/media/image26.png>]
<./images/media/image27.png, id=187, 481.8pt x 444.15938pt>
File: ./images/media/image27.png Graphic file (type png)
<use ./images/media/image27.png>
Package pdftex.def Info: ./images/media/image27.png  used on input line 1283.
(pdftex.def)             Requested size: 204.30281pt x 188.34164pt.


Package fancyhdr Warning: \headheight is too small (24.0pt): 
(fancyhdr)                Make it at least 28.89995pt, for example:
(fancyhdr)                \setlength{\headheight}{28.89995pt}.
(fancyhdr)                You might also make \topmargin smaller to compensate:
(fancyhdr)                \addtolength{\topmargin}{-4.89995pt}.

[30 <./images/media/image27.png>]
Underfull \hbox (badness 10000) in paragraph at lines 1293--1293
|\T1/cmr/bx/n/17.28 (+20) Casalfiumanese --- Sagra del Ra-vi-olo|
 []


Underfull \hbox (badness 10000) in paragraph at lines 1299--1299
|\T1/cmr/bx/n/17.28 (+20) Casalfiumanese --- Sláv-nos´ Ra-vi-ola|
 []

<./images/media/image28.png, id=193, 553.31718pt x 379.4175pt>
File: ./images/media/image28.png Graphic file (type png)
<use ./images/media/image28.png>
Package pdftex.def Info: ./images/media/image28.png  used on input line 1305.
(pdftex.def)             Requested size: 153.77107pt x 105.4488pt.
<./images/media/image29.png, id=194, 299.61937pt x 207.02344pt>
File: ./images/media/image29.png Graphic file (type png)
<use ./images/media/image29.png>
Package pdftex.def Info: ./images/media/image29.png  used on input line 1305.
(pdftex.def)             Requested size: 150.52708pt x 104.0074pt.

Package fancyhdr Warning: \headheight is too small (24.0pt): 
(fancyhdr)                Make it at least 28.89995pt, for example:
(fancyhdr)                \setlength{\headheight}{28.89995pt}.
(fancyhdr)                You might also make \topmargin smaller to compensate:
(fancyhdr)                \addtolength{\topmargin}{-4.89995pt}.

[31 <./images/media/image28.png> <./images/media/image29.png>]

Package fancyhdr Warning: \headheight is too small (24.0pt): 
(fancyhdr)                Make it at least 28.89995pt, for example:
(fancyhdr)                \setlength{\headheight}{28.89995pt}.
(fancyhdr)                You might also make \topmargin smaller to compensate:
(fancyhdr)                \addtolength{\topmargin}{-4.89995pt}.

[32]
Underfull \hbox (badness 10000) in paragraph at lines 1346--1346
\T1/cmr/bx/n/17.28 (+20) nola|
 []


Underfull \hbox (badness 10000) in paragraph at lines 1350--1350
\T1/cmr/bx/n/17.28 (+20) nola|
 []

<./images/media/image30.png, id=206, 429.85594pt x 234.8775pt>
File: ./images/media/image30.png Graphic file (type png)
<use ./images/media/image30.png>
Package pdftex.def Info: ./images/media/image30.png  used on input line 1356.
(pdftex.def)             Requested size: 207.50914pt x 113.38144pt.
<./images/media/image31.png, id=207, 346.29375pt x 264.23718pt>
File: ./images/media/image31.png Graphic file (type png)
<use ./images/media/image31.png>
Package pdftex.def Info: ./images/media/image31.png  used on input line 1356.
(pdftex.def)             Requested size: 149.14647pt x 113.8012pt.

Underfull \hbox (badness 1478) in paragraph at lines 1386--1386
|\T1/cmr/bx/n/17.28 (+20) Fontanelice --- sagre, eventi e cu-ri-osità|
 []


Underfull \hbox (badness 10000) in paragraph at lines 1390--1390
\T1/cmr/bx/n/17.28 (+20) vosti|
 []


Package fancyhdr Warning: \headheight is too small (24.0pt): 
(fancyhdr)                Make it at least 28.89995pt, for example:
(fancyhdr)                \setlength{\headheight}{28.89995pt}.
(fancyhdr)                You might also make \topmargin smaller to compensate:
(fancyhdr)                \addtolength{\topmargin}{-4.89995pt}.

[33 <./images/media/image30.png> <./images/media/image31.png>]
<./images/media/image32.png, id=215, 370.38374pt x 255.95625pt>
File: ./images/media/image32.png Graphic file (type png)
<use ./images/media/image32.png>
Package pdftex.def Info: ./images/media/image32.png  used on input line 1396.
(pdftex.def)             Requested size: 162.69241pt x 112.42581pt.


Package fancyhdr Warning: \headheight is too small (24.0pt): 
(fancyhdr)                Make it at least 28.89995pt, for example:
(fancyhdr)                \setlength{\headheight}{28.89995pt}.
(fancyhdr)                You might also make \topmargin smaller to compensate:
(fancyhdr)                \addtolength{\topmargin}{-4.89995pt}.

[34 <./images/media/image32.png>]
Underfull \hbox (badness 10000) in paragraph at lines 1421--1421
\T1/cmr/bx/n/17.28 (+20) San-terno|
 []


Underfull \hbox (badness 10000) in paragraph at lines 1425--1425
\T1/cmr/bx/n/17.28 (+20) terno|
 []

<./images/media/image33.png, id=221, 227.34938pt x 225.09094pt>
File: ./images/media/image33.png Graphic file (type png)
<use ./images/media/image33.png>
Package pdftex.def Info: ./images/media/image33.png  used on input line 1431.
(pdftex.def)             Requested size: 159.92747pt x 158.34566pt.

Package fancyhdr Warning: \headheight is too small (24.0pt): 
(fancyhdr)                Make it at least 28.89995pt, for example:
(fancyhdr)                \setlength{\headheight}{28.89995pt}.
(fancyhdr)                You might also make \topmargin smaller to compensate:
(fancyhdr)                \addtolength{\topmargin}{-4.89995pt}.

[35 <./images/media/image33.png>]
<./images/media/image34.png, id=227, 352.31625pt x 221.32687pt>
File: ./images/media/image34.png Graphic file (type png)
<use ./images/media/image34.png>
Package pdftex.def Info: ./images/media/image34.png  used on input line 1475.
(pdftex.def)             Requested size: 190.9253pt x 119.94362pt.
<./images/media/image35.png, id=228, 441.14813pt x 214.55156pt>
File: ./images/media/image35.png Graphic file (type png)
<use ./images/media/image35.png>
Package pdftex.def Info: ./images/media/image35.png  used on input line 1475.
(pdftex.def)             Requested size: 237.2875pt x 115.40433pt.


Package fancyhdr Warning: \headheight is too small (24.0pt): 
(fancyhdr)                Make it at least 28.89995pt, for example:
(fancyhdr)                \setlength{\headheight}{28.89995pt}.
(fancyhdr)                You might also make \topmargin smaller to compensate:
(fancyhdr)                \addtolength{\topmargin}{-4.89995pt}.

[36 <./images/media/image34.png> <./images/media/image35.png>]
Underfull \hbox (badness 10000) in paragraph at lines 1532--1532
\T1/cmr/bx/n/17.28 (+20) VOLO|
 []


Underfull \hbox (badness 3907) in paragraph at lines 1534--1534
|\T1/cmr/bx/n/17.28 (+20) Ristorante Il Gallo -- Cas-tel del Rio|
 []


Underfull \hbox (badness 2197) in paragraph at lines 1540--1540
|\T1/cmr/bx/n/17.28 (+20) Re²taurácia Il Gallo -- Cas-tel del Rio|
 []


Package fancyhdr Warning: \headheight is too small (24.0pt): 
(fancyhdr)                Make it at least 28.89995pt, for example:
(fancyhdr)                \setlength{\headheight}{28.89995pt}.
(fancyhdr)                You might also make \topmargin smaller to compensate:
(fancyhdr)                \addtolength{\topmargin}{-4.89995pt}.

[37]
<./images/media/image36.png, id=240, 363.60844pt x 243.15843pt>
File: ./images/media/image36.png Graphic file (type png)
<use ./images/media/image36.png>
Package pdftex.def Info: ./images/media/image36.png  used on input line 1546.
(pdftex.def)             Requested size: 208.59053pt x 139.48479pt.


Package fancyhdr Warning: \headheight is too small (24.0pt): 
(fancyhdr)                Make it at least 28.89995pt, for example:
(fancyhdr)                \setlength{\headheight}{28.89995pt}.
(fancyhdr)                You might also make \topmargin smaller to compensate:
(fancyhdr)                \addtolength{\topmargin}{-4.89995pt}.

[38 <./images/media/image36.png>]
Underfull \hbox (badness 10000) in paragraph at lines 1589--1589
|\T1/cmr/bx/n/17.28 (+20) Dozza -- Il Borgo Di-pinto|
 []


Underfull \hbox (badness 10000) in paragraph at lines 1595--1595
|\T1/cmr/bx/n/17.28 (+20) Dozza -- ma-©o-vané mes-te£ko|
 []

<./images/media/image37.png, id=246, 296.60812pt x 164.11313pt>
File: ./images/media/image37.png Graphic file (type png)
<use ./images/media/image37.png>
Package pdftex.def Info: ./images/media/image37.png  used on input line 1601.
(pdftex.def)             Requested size: 296.6617pt x 164.13776pt.

Package fancyhdr Warning: \headheight is too small (24.0pt): 
(fancyhdr)                Make it at least 28.89995pt, for example:
(fancyhdr)                \setlength{\headheight}{28.89995pt}.
(fancyhdr)                You might also make \topmargin smaller to compensate:
(fancyhdr)                \addtolength{\topmargin}{-4.89995pt}.

[39 <./images/media/image37.png>]

Package fancyhdr Warning: \headheight is too small (24.0pt): 
(fancyhdr)                Make it at least 28.89995pt, for example:
(fancyhdr)                \setlength{\headheight}{28.89995pt}.
(fancyhdr)                You might also make \topmargin smaller to compensate:
(fancyhdr)                \addtolength{\topmargin}{-4.89995pt}.

[40]

Package fancyhdr Warning: \headheight is too small (24.0pt): 
(fancyhdr)                Make it at least 28.89995pt, for example:
(fancyhdr)                \setlength{\headheight}{28.89995pt}.
(fancyhdr)                You might also make \topmargin smaller to compensate:
(fancyhdr)                \addtolength{\topmargin}{-4.89995pt}.

[41]
Underfull \hbox (badness 10000) in paragraph at lines 1694--1694
|\T1/cmr/bx/n/20.74 (+20) GIORNO 3|
 []


Underfull \hbox (badness 10000) in paragraph at lines 1696--1696
|\T1/cmr/bx/n/17.28 (+20) Circuito di Imola -- vi-sita a piedi|
 []


Underfull \hbox (badness 10000) in paragraph at lines 1700--1700
|\T1/cmr/bx/n/20.74 (+20) DEŒ 3|
 []


Underfull \hbox (badness 10000) in paragraph at lines 1702--1702
|\T1/cmr/bx/n/17.28 (+20) Okruh Imola -- pe²í pre-hliadka|
 []

<./images/media/image38.png, id=260, 399.74344pt x 222.8325pt>
File: ./images/media/image38.png Graphic file (type png)
<use ./images/media/image38.png>
Package pdftex.def Info: ./images/media/image38.png  used on input line 1708.
(pdftex.def)             Requested size: 215.16287pt x 119.94014pt.
<./images/media/image39.png, id=261, 378.66469pt x 243.91125pt>
File: ./images/media/image39.png Graphic file (type png)
<use ./images/media/image39.png>
Package pdftex.def Info: ./images/media/image39.png  used on input line 1708.
(pdftex.def)             Requested size: 182.81435pt x 117.75714pt.

Underfull \hbox (badness 10000) in paragraph at lines 1714--1714
|\T1/cmr/bx/n/17.28 (+20) IMOLA|
 []


Underfull \hbox (badness 10000) in paragraph at lines 1735--1735
|\T1/cmr/bx/n/17.28 (+20) IMOLA|
 []


Package fancyhdr Warning: \headheight is too small (24.0pt): 
(fancyhdr)                Make it at least 28.89995pt, for example:
(fancyhdr)                \setlength{\headheight}{28.89995pt}.
(fancyhdr)                You might also make \topmargin smaller to compensate:
(fancyhdr)                \addtolength{\topmargin}{-4.89995pt}.

[42 <./images/media/image38.png> <./images/media/image39.png>]

Package fancyhdr Warning: \headheight is too small (24.0pt): 
(fancyhdr)                Make it at least 28.89995pt, for example:
(fancyhdr)                \setlength{\headheight}{28.89995pt}.
(fancyhdr)                You might also make \topmargin smaller to compensate:
(fancyhdr)                \addtolength{\topmargin}{-4.89995pt}.

[43]
Underfull \hbox (badness 10000) in paragraph at lines 1777--1777
|\T1/cmr/bx/n/17.28 (+20) Parco Acque Mi-ne-rali|
 []


Underfull \hbox (badness 10000) in paragraph at lines 1781--1781
|\T1/cmr/bx/n/17.28 (+20) Park Acque Mi-ne-rali|
 []

<./images/media/image40.png, id=273, 423.08063pt x 238.64156pt>
File: ./images/media/image40.png Graphic file (type png)
<use ./images/media/image40.png>
Package pdftex.def Info: ./images/media/image40.png  used on input line 1787.
(pdftex.def)             Requested size: 235.11594pt x 132.61876pt.

Package fancyhdr Warning: \headheight is too small (24.0pt): 
(fancyhdr)                Make it at least 28.89995pt, for example:
(fancyhdr)                \setlength{\headheight}{28.89995pt}.
(fancyhdr)                You might also make \topmargin smaller to compensate:
(fancyhdr)                \addtolength{\topmargin}{-4.89995pt}.

[44 <./images/media/image40.png>]

Package fancyhdr Warning: \headheight is too small (24.0pt): 
(fancyhdr)                Make it at least 28.89995pt, for example:
(fancyhdr)                \setlength{\headheight}{28.89995pt}.
(fancyhdr)                You might also make \topmargin smaller to compensate:
(fancyhdr)                \addtolength{\topmargin}{-4.89995pt}.

[45]
Underfull \hbox (badness 10000) in paragraph at lines 1818--1818
|\T1/cmr/bx/n/17.28 (+20) Un po' di sto-ria e am-bien-ta-zi-one|
 []


Underfull \hbox (badness 10000) in paragraph at lines 1830--1830
|\T1/cmr/bx/n/17.28 (+20) Trochu his-tó-rie a pro-stre-dia|
 []


Package fancyhdr Warning: \headheight is too small (24.0pt): 
(fancyhdr)                Make it at least 28.89995pt, for example:
(fancyhdr)                \setlength{\headheight}{28.89995pt}.
(fancyhdr)                You might also make \topmargin smaller to compensate:
(fancyhdr)                \addtolength{\topmargin}{-4.89995pt}.

[46]
Underfull \hbox (badness 10000) in paragraph at lines 1842--1842
|\T1/cmr/bx/n/17.28 (+20) Torre dell'Orologio di Bri-sig-hella|
 []


Underfull \hbox (badness 10000) in paragraph at lines 1850--1850
\T1/cmr/bx/n/17.28 (+20) Thò)|
 []


Underfull \hbox (badness 10000) in paragraph at lines 1856--1856
|\T1/cmr/bx/n/17.28 (+20) Hodinová veºa Bri-sig-hella|
 []


Underfull \hbox (badness 10000) in paragraph at lines 1860--1860
|\T1/cmr/bx/n/17.28 (+20) Oslia ulica (stará ``Via del Borgo'')|
 []


Underfull \hbox (badness 10000) in paragraph at lines 1864--1864
\T1/cmr/bx/n/17.28 (+20) Thò)|
 []


Package fancyhdr Warning: \headheight is too small (24.0pt): 
(fancyhdr)                Make it at least 28.89995pt, for example:
(fancyhdr)                \setlength{\headheight}{28.89995pt}.
(fancyhdr)                You might also make \topmargin smaller to compensate:
(fancyhdr)                \addtolength{\topmargin}{-4.89995pt}.

[47]
Underfull \hbox (badness 1178) in paragraph at lines 1872--1872
|\T1/cmr/bx/n/17.28 (+20) Santuario della Ma-donna del Mon-ti-cino|
 []


Underfull \hbox (badness 10000) in paragraph at lines 1882--1882
|\T1/cmr/bx/n/17.28 (+20) Sväty¬a Ma-donna del Mon-ti-cino|
 []


Underfull \hbox (badness 3735) in paragraph at lines 1886--1886
|\T1/cmr/bx/n/17.28 (+20) Príroda, oko-lie a zá-ºitky ``za brá-nou''|
 []


Package fancyhdr Warning: \headheight is too small (24.0pt): 
(fancyhdr)                Make it at least 28.89995pt, for example:
(fancyhdr)                \setlength{\headheight}{28.89995pt}.
(fancyhdr)                You might also make \topmargin smaller to compensate:
(fancyhdr)                \addtolength{\topmargin}{-4.89995pt}.

[48]
<./images/media/image41.png, id=295, 301.125pt x 149.05687pt>
File: ./images/media/image41.png Graphic file (type png)
<use ./images/media/image41.png>
Package pdftex.def Info: ./images/media/image41.png  used on input line 1914.
(pdftex.def)             Requested size: 376.49261pt x 186.35928pt.


Package fancyhdr Warning: \headheight is too small (24.0pt): 
(fancyhdr)                Make it at least 28.89995pt, for example:
(fancyhdr)                \setlength{\headheight}{28.89995pt}.
(fancyhdr)                You might also make \topmargin smaller to compensate:
(fancyhdr)                \addtolength{\topmargin}{-4.89995pt}.

[49 <./images/media/image41.png>] (./matrimonio_bilingual.aux)
 ***********
LaTeX2e <2023-11-01> patch level 1
L3 programming layer <2024-02-20>
 ***********
Package rerunfilecheck Info: File `matrimonio_bilingual.out' has not changed.
(rerunfilecheck)             Checksum: D41D8CD98F00B204E9800998ECF8427E;0.
 ) 
Here is how much of TeX's memory you used:
 28908 strings out of 474116
 571524 string characters out of 5743682
 1940187 words of memory out of 5000000
 50602 multiletter control sequences out of 15000+600000
 575033 words of font info for 144 fonts, out of 8000000 for 9000
 1141 hyphenation exceptions out of 8191
 84i,13n,93p,1021b,1126s stack positions out of 10000i,1000n,20000p,200000b,200000s
</usr/local/texlive/2024/texmf-dist/fonts/type1/public/cm-super/sfbx1440.pfb></usr/local/texlive/2024/texmf-dist/fonts/type1/public/cm-super/sfbx1728.pfb></usr/local/texlive/2024/texmf-dist/fonts/type1/public/cm-super/sfbx2074.pfb></usr/local/texlive/2024/texmf-dist/fonts/type1/public/cm-super/sfbx2488.pfb></usr/local/texlive/2024/texmf-dist/fonts/type1/public/cm-super/sfbx3583.pfb></usr/local/texlive/2024/texmf-dist/fonts/type1/public/cm-super/sfrm1200.pfb></usr/local/texlive/2024/texmf-dist/fonts/type1/public/cm-super/sfrm1440.pfb></usr/local/texlive/2024/texmf-dist/fonts/type1/public/cm-super/sfrm1728.pfb></usr/local/texlive/2024/texmf-dist/fonts/type1/public/cm-super/sfrm2074.pfb></usr/local/texlive/2024/texmf-dist/fonts/type1/public/cm-super/sfti1440.pfb></usr/local/texlive/2024/texmf-dist/fonts/type1/urw/zapfding/uzdr.pfb>
Output written on matrimonio_bilingual.pdf (49 pages, 16733603 bytes).
PDF statistics:
 366 PDF objects out of 1000 (max. 8388607)
 213 compressed objects within 3 object streams
 50 named destinations out of 1000 (max. 500000)
 24804 words of extra memory for PDF output out of 24883 (max. 10000000)

